[2024-10-15T15:36:27.531547+00:00] user_actions.WARNING: Pokušaj registracije već postojećeg korisnika: testUser [] []
[2024-10-15T15:36:27.627684+00:00] user_actions.INFO: Korisnik uspešno prijavljen: testUser [] []
[2024-10-15T15:36:28.802598+00:00] user_actions.WARNING: Pokušaj registracije već postojećeg korisnika: testUser [] []
[2024-10-15T15:36:28.883994+00:00] user_actions.INFO: Korisnik uspešno prijavljen: testUser [] []
[2024-10-15T15:36:52.786791+00:00] user_actions.WARNING: Pokušaj registracije već postojećeg korisnika: testUser [] []
[2024-10-15T15:36:52.864802+00:00] user_actions.INFO: Korisnik uspešno prijavljen: testUser [] []
[2024-10-15T18:38:38.547210+00:00] user_actions.WARNING: Pokušaj registracije već postojećeg korisnika: testUser [] []
[2024-10-15T18:38:38.634731+00:00] user_actions.INFO: Korisnik uspešno prijavljen: testUser [] []
[2024-10-15T18:38:51.352692+00:00] user_actions.WARNING: Pokušaj registracije već postojećeg korisnika: testUser [] []
[2024-10-15T18:38:51.440619+00:00] user_actions.INFO: Korisnik uspešno prijavljen: testUser [] []
[2024-10-15T18:39:10.098747+00:00] user_actions.WARNING: Pokušaj registracije već postojećeg korisnika: testUser [] []
[2024-10-15T18:39:10.178498+00:00] user_actions.INFO: Korisnik uspešno prijavljen: testUser [] []
[2024-10-15T18:58:47.675299+00:00] user_actions.WARNING: Pokušaj registracije već postojećeg korisnika: testUser [] []
[2024-10-15T18:58:47.788307+00:00] user_actions.INFO: Korisnik uspešno prijavljen: testUser [] []
[2024-10-20T20:04:11.506854+00:00] user_actions.INFO: Korisnik uspešno registrovan:  [] []
[2024-10-20T20:04:52.391432+00:00] user_actions.WARNING: Pokušaj registracije već postojećeg korisnika:  [] []
[2024-10-20T20:06:32.401594+00:00] user_actions.WARNING: Pokušaj registracije već postojećeg korisnika: testUser [] []
[2024-10-20T20:06:33.998595+00:00] user_actions.WARNING: Pokušaj registracije već postojećeg korisnika: testUser [] []
[2024-10-20T20:06:38.185229+00:00] user_actions.WARNING: Pokušaj registracije već postojećeg korisnika: testUser [] []
[2024-10-20T20:06:49.376103+00:00] user_actions.INFO: Korisnik uspešno registrovan: testUser1 [] []
[2024-10-20T20:08:13.806589+00:00] user_actions.ERROR: Neuspešna prijava za korisnika: testUser - neispravna lozinka [] []
[2024-10-20T20:08:30.338736+00:00] user_actions.ERROR: Neuspešna prijava za korisnika: testUser - neispravna lozinka [] []
[2024-10-20T20:08:58.660776+00:00] user_actions.WARNING: Pokušaj registracije već postojećeg korisnika: testUser [] []
[2024-10-20T20:09:02.268344+00:00] user_actions.ERROR: Neuspešna prijava za korisnika: testUser - neispravna lozinka [] []
[2024-10-20T20:11:30.939266+00:00] song_actions.WARNING: Pokušaj unosa pesme bez prijave [] []
[2024-10-20T20:11:41.136339+00:00] user_actions.WARNING: Pokušaj registracije već postojećeg korisnika: testUser1 [] []
[2024-10-20T20:11:50.221863+00:00] user_actions.INFO: Korisnik uspešno prijavljen: testUser1 [] []
[2024-10-20T20:11:55.428651+00:00] song_actions.INFO: Pesma uspešno uneta od strane korisnika: testUser1 - Pesma: My Song, Izvođač: Artist Name [] []
[2024-10-20T20:14:19.202755+00:00] user_actions.WARNING: Pokušaj registracije već postojećeg korisnika: testUser [] []
[2024-10-20T20:14:26.710880+00:00] user_actions.ERROR: Neuspešna prijava za korisnika: testUser - neispravna lozinka [] []
[2024-10-20T20:14:31.996691+00:00] user_actions.ERROR: Neuspešna prijava za korisnika: testUser - neispravna lozinka [] []
[2024-10-20T20:15:43.017822+00:00] user_actions.ERROR: Neuspešna prijava za korisnika: testUser - neispravna lozinka [] []
[2024-10-20T20:16:38.944382+00:00] user_actions.ERROR: Neuspešna prijava za korisnika: testUser - neispravna lozinka [] []
[2024-10-20T20:16:51.729171+00:00] user_actions.ERROR: Neuspešna prijava za korisnika: testUser - neispravna lozinka [] []
[2024-10-20T20:16:57.934507+00:00] user_actions.INFO: Korisnik uspešno prijavljen: testUser [] []
[2024-10-20T20:17:08.844119+00:00] song_actions.INFO: Pesma uspešno uneta od strane korisnika: testUser - Pesma: My Song, Izvođač: Artist Name 1 [] []
